{"/Users/pavel/Github/canadian-express/src/lib/getCleanData.ts": {"path":"/Users/pavel/Github/canadian-express/src/lib/getCleanData.ts","all":false,"statementMap":{"0":{"start":{"line":1,"column":0},"end":{"line":1,"column":47}},"1":{"start":{"line":2,"column":0},"end":{"line":2,"column":30}},"2":{"start":{"line":3,"column":0},"end":{"line":3,"column":24}},"3":{"start":{"line":4,"column":0},"end":{"line":4,"column":24}},"4":{"start":{"line":5,"column":0},"end":{"line":5,"column":24}},"5":{"start":{"line":6,"column":0},"end":{"line":6,"column":24}},"6":{"start":{"line":7,"column":0},"end":{"line":7,"column":6}},"7":{"start":{"line":8,"column":0},"end":{"line":8,"column":2}}},"s":{"0":1,"1":1,"2":1,"3":1,"4":1,"5":1,"6":1,"7":1},"branchMap":{"0":{"type":"branch","line":1,"loc":{"start":{"line":1,"column":28},"end":{"line":8,"column":2}},"locations":[{"start":{"line":1,"column":28},"end":{"line":8,"column":2}}]},"1":{"type":"branch","line":2,"loc":{"start":{"line":2,"column":18},"end":{"line":7,"column":4}},"locations":[{"start":{"line":2,"column":18},"end":{"line":7,"column":4}}]}},"b":{"0":[1],"1":[1]},"fnMap":{"0":{"name":"getCleanData","decl":{"start":{"line":1,"column":28},"end":{"line":8,"column":2}},"loc":{"start":{"line":1,"column":28},"end":{"line":8,"column":2}},"line":1}},"f":{"0":1}}
}
